\BOOKMARK [1][-]{section.1}{\376\377\000I\000n\000t\000r\000o\000d\000u\000c\000t\000i\000o\000n}{}% 1
\BOOKMARK [1][-]{section.2}{\376\377\000T\000h\000e\000\040\000S\000o\000u\000t\000h\000\040\000A\000f\000r\000i\000c\000a\000n\000\040\000E\000d\000u\000c\000a\000t\000i\000o\000n\000a\000l\000\040\000E\000n\000v\000i\000r\000o\000n\000m\000e\000n\000t}{}% 2
\BOOKMARK [2][-]{subsection.2.1}{\376\377\000D\000e\000f\000i\000n\000i\000t\000i\000o\000n\000\040\000a\000n\000d\000\040\000R\000o\000l\000e\000\040\000o\000f\000\040\000A\000s\000s\000e\000s\000s\000m\000e\000n\000t\000\040\000\050\000C\000A\000P\000S\000\051}{section.2}% 3
\BOOKMARK [2][-]{subsection.2.2}{\376\377\000T\000e\000a\000c\000h\000e\000r\000\040\000W\000o\000r\000k\000l\000o\000a\000d\000\040\000a\000n\000d\000\040\000F\000e\000e\000d\000b\000a\000c\000k\000\040\000G\000a\000p\000s}{section.2}% 4
\BOOKMARK [2][-]{subsection.2.3}{\376\377\000W\000h\000y\000\040\000F\000e\000e\000d\000b\000a\000c\000k\000\040\000M\000a\000t\000t\000e\000r\000s}{section.2}% 5
\BOOKMARK [2][-]{subsection.2.4}{\376\377\000R\000e\000a\000d\000i\000n\000e\000s\000s\000\040\000f\000o\000r\000\040\000A\000s\000s\000i\000s\000t\000i\000v\000e\000\040\000D\000i\000g\000i\000t\000a\000l\000\040\000T\000o\000o\000l\000s}{section.2}% 6
\BOOKMARK [1][-]{section.3}{\376\377\000A\000s\000s\000e\000s\000s\000m\000e\000n\000t\000\040\000i\000n\000\040\000t\000h\000e\000\040\000S\000o\000u\000t\000h\000\040\000A\000f\000r\000i\000c\000a\000n\000\040\000C\000o\000n\000t\000e\000x\000t}{}% 7
\BOOKMARK [2][-]{subsection.3.1}{\376\377\000C\000A\000P\000S\000\040\000O\000v\000e\000r\000v\000i\000e\000w\000\040\000\050\000P\000u\000r\000e\000\040\000M\000a\000t\000h\000e\000m\000a\000t\000i\000c\000s\000,\000\040\000G\000r\000a\000d\000e\000s\000\040\0001\0000\040\023\0001\0002\000\051}{section.3}% 8
\BOOKMARK [2][-]{subsection.3.2}{\376\377\000W\000h\000y\000\040\000L\000o\000g\000a\000r\000i\000t\000h\000m\000i\000c\000\040\000G\000r\000a\000p\000h\000s\000?}{section.3}% 9
\BOOKMARK [2][-]{subsection.3.3}{\376\377\000H\000o\000w\000\040\000D\000r\000a\000w\000n\000\040\000L\000o\000g\000a\000r\000i\000t\000h\000m\000i\000c\000\040\000G\000r\000a\000p\000h\000s\000\040\000A\000r\000e\000\040\000G\000r\000a\000d\000e\000d}{section.3}% 10
\BOOKMARK [2][-]{subsection.3.4}{\376\377\000D\000a\000t\000a\000s\000e\000t\000\040\000B\000a\000s\000i\000s}{section.3}% 11
\BOOKMARK [1][-]{section.4}{\376\377\000F\000r\000o\000m\000\040\000M\000a\000n\000u\000a\000l\000\040\000t\000o\000\040\000A\000u\000t\000o\000m\000a\000t\000i\000c\000\040\000A\000s\000s\000e\000s\000s\000m\000e\000n\000t}{}% 12
\BOOKMARK [2][-]{subsection.4.1}{\376\377\000M\000a\000n\000u\000a\000l\000,\000\040\000S\000e\000m\000i\000-\000a\000u\000t\000o\000m\000a\000t\000i\000c\000,\000\040\000a\000n\000d\000\040\000A\000u\000t\000o\000m\000a\000t\000i\000c\000\040\000A\000s\000s\000e\000s\000s\000m\000e\000n\000t}{section.4}% 13
\BOOKMARK [2][-]{subsection.4.2}{\376\377\000D\000e\000t\000e\000r\000m\000i\000n\000i\000s\000t\000i\000c\000\040\000S\000y\000s\000t\000e\000m\000s\000\040\000f\000o\000r\000\040\000G\000r\000a\000p\000h\000\040\000G\000r\000a\000d\000i\000n\000g}{section.4}% 14
\BOOKMARK [2][-]{subsection.4.3}{\376\377\000L\000L\000M\000s\000\040\000f\000o\000r\000\040\000A\000s\000s\000e\000s\000s\000m\000e\000n\000t\000\040\000o\000f\000\040\000T\000e\000x\000t}{section.4}% 15
\BOOKMARK [2][-]{subsection.4.4}{\376\377\000m\000u\000l\000t\000i\000-\000m\000o\000d\000a\000l\000\040\000L\000L\000M\000s\000\040\000f\000o\000r\000\040\000D\000i\000a\000g\000r\000a\000m\000s\000\040\000a\000n\000d\000\040\000H\000a\000n\000d\000w\000r\000i\000t\000i\000n\000g}{section.4}% 16
\BOOKMARK [2][-]{subsection.4.5}{\376\377\000H\000a\000n\000d\000w\000r\000i\000t\000i\000n\000g\000\040\000a\000n\000d\000\040\000D\000i\000a\000g\000r\000a\000m\000\040\000R\000e\000c\000o\000g\000n\000i\000t\000i\000o\000n\000\040\000b\000e\000f\000o\000r\000e\000\040\000L\000L\000M\000s}{section.4}% 17
\BOOKMARK [2][-]{subsection.4.6}{\376\377\000P\000r\000o\000m\000p\000t\000\040\000D\000e\000s\000i\000g\000n\000,\000\040\000A\000P\000O\000\040\000\050\000i\000n\000c\000l\000.\000\040\000A\000P\000E\000\051\000,\000\040\000a\000n\000d\000\040\000H\000I\000T\000L\000\040\000D\000i\000s\000c\000i\000p\000l\000i\000n\000e}{section.4}% 18
\BOOKMARK [2][-]{subsection.4.7}{\376\377\000P\000a\000r\000a\000m\000e\000t\000e\000r\000s\000,\000\040\000D\000e\000c\000o\000d\000i\000n\000g\000\040\000C\000h\000o\000i\000c\000e\000s\000\040\000a\000n\000d\000\040\000O\000u\000t\000p\000u\000t\000\040\000S\000t\000a\000b\000i\000l\000i\000t\000y}{section.4}% 19
\BOOKMARK [2][-]{subsection.4.8}{\376\377\000W\000h\000a\000t\000\040\000t\000h\000e\000\040\000A\000u\000t\000h\000o\000r\000\040\000B\000e\000l\000i\000e\000v\000e\000s\000\040\000t\000o\000\040\000b\000e\000\040\000M\000i\000s\000s\000i\000n\000g\000\040\000i\000n\000\040\000t\000h\000e\000\040\000L\000i\000t\000e\000r\000a\000t\000u\000r\000e}{section.4}% 20
\BOOKMARK [2][-]{subsection.4.9}{\376\377\000P\000o\000s\000i\000t\000i\000o\000n\000i\000n\000g\000\040\000o\000f\000\040\000t\000h\000e\000\040\000P\000r\000e\000s\000e\000n\000t\000\040\000M\000e\000t\000h\000o\000d}{section.4}% 21
\BOOKMARK [1][-]{section.5}{\376\377\000P\000r\000o\000c\000e\000s\000s\000\040\000\050\000E\000x\000p\000e\000r\000i\000m\000e\000n\000t\000a\000t\000i\000o\000n\000\040\000O\000v\000e\000r\000v\000i\000e\000w\000\051}{}% 22
\BOOKMARK [2][-]{subsection.5.1}{\376\377\000D\000a\000t\000a\000s\000e\000t\000,\000\040\000P\000a\000i\000r\000i\000n\000g\000,\000\040\000L\000a\000b\000e\000l\000s\000,\000\040\000a\000n\000d\000\040\000P\000r\000i\000v\000a\000c\000y}{section.5}% 23
\BOOKMARK [2][-]{subsection.5.2}{\376\377\000P\000r\000o\000m\000p\000t\000\040\000E\000v\000o\000l\000u\000t\000i\000o\000n\000\040\000S\000e\000q\000u\000e\000n\000c\000e}{section.5}% 24
\BOOKMARK [2][-]{subsection.5.3}{\376\377\000P\000a\000r\000a\000m\000e\000t\000e\000r\000s\000\040\000O\000v\000e\000r\000v\000i\000e\000w}{section.5}% 25
\BOOKMARK [2][-]{subsection.5.4}{\376\377\000S\000e\000a\000r\000c\000h\000i\000n\000g\000\040\000P\000a\000r\000a\000m\000e\000t\000e\000r\000\040\000V\000a\000l\000u\000e\000s}{section.5}% 26
\BOOKMARK [2][-]{subsection.5.5}{\376\377\000C\000h\000o\000s\000e\000n\000\040\000T\000e\000m\000p\000e\000r\000a\000t\000u\000r\000e\000\040\000a\000n\000d\000\040\000T\000o\000p\000-\000p\000\040\000V\000a\000l\000u\000e\000s}{section.5}% 27
\BOOKMARK [2][-]{subsection.5.6}{\376\377\000E\000x\000e\000c\000u\000t\000i\000o\000n\000\040\000O\000r\000d\000e\000r\000\040\000a\000n\000d\000\040\000E\000a\000r\000l\000y\000-\000S\000t\000o\000p\000\040\000P\000o\000l\000i\000c\000y}{section.5}% 28
\BOOKMARK [2][-]{subsection.5.7}{\376\377\000R\000u\000n\000\040\000S\000t\000r\000u\000c\000t\000u\000r\000e\000\040\000a\000n\000d\000\040\000L\000o\000g\000g\000i\000n\000g}{section.5}% 29
\BOOKMARK [2][-]{subsection.5.8}{\376\377\000E\000v\000a\000l\000u\000a\000t\000i\000o\000n\000\040\000M\000e\000t\000r\000i\000c\000s}{section.5}% 30
\BOOKMARK [2][-]{subsection.5.9}{\376\377\000S\000u\000c\000c\000e\000s\000s\000\040\000C\000r\000i\000t\000e\000r\000i\000a}{section.5}% 31
\BOOKMARK [2][-]{subsection.5.10}{\376\377\000F\000e\000a\000s\000i\000b\000i\000l\000i\000t\000y\000\040\000a\000n\000d\000\040\000S\000c\000o\000p\000e\000\040\000C\000o\000n\000t\000r\000o\000l\000s}{section.5}% 32
\BOOKMARK [1][-]{section.6}{\376\377\000A\000u\000t\000o\000m\000a\000t\000e\000d\000\040\000C\000a\000r\000t\000e\000s\000i\000a\000n\000-\000g\000r\000a\000p\000h\000\040\000A\000s\000s\000e\000s\000s\000m\000e\000n\000t\000\040\000\050\000A\000C\000A\000\051\000\040\000i\000n\000\040\000D\000e\000t\000a\000i\000l}{}% 33
\BOOKMARK [2][-]{subsection.6.1}{\376\377\000E\000x\000p\000e\000r\000i\000m\000e\000n\000t\000a\000l\000\040\000S\000e\000t\000u\000p}{section.6}% 34
\BOOKMARK [2][-]{subsection.6.2}{\376\377\000D\000a\000t\000a\000s\000e\000t\000\040\000a\000n\000d\000\040\000L\000a\000b\000e\000l\000s\000\040\000\050\000O\000p\000e\000r\000a\000t\000i\000o\000n\000a\000l\000\051}{section.6}% 35
\BOOKMARK [2][-]{subsection.6.3}{\376\377\000I\000n\000p\000u\000t\000\040\000P\000a\000c\000k\000a\000g\000i\000n\000g\000\040\000a\000n\000d\000\040\000P\000r\000o\000m\000p\000t\000i\000n\000g}{section.6}% 36
\BOOKMARK [2][-]{subsection.6.4}{\376\377\000D\000e\000c\000o\000d\000i\000n\000g\000\040\000S\000e\000t\000t\000i\000n\000g\000s\000\040\000a\000n\000d\000\040\000S\000e\000a\000r\000c\000h\000\040\000P\000r\000o\000t\000o\000c\000o\000l}{section.6}% 37
\BOOKMARK [2][-]{subsection.6.5}{\376\377\000I\000n\000f\000e\000r\000e\000n\000c\000e\000,\000\040\000R\000e\000t\000r\000y\000,\000\040\000a\000n\000d\000\040\000R\000u\000n\000\040\000O\000r\000c\000h\000e\000s\000t\000r\000a\000t\000i\000o\000n}{section.6}% 38
\BOOKMARK [2][-]{subsection.6.6}{\376\377\000O\000u\000t\000p\000u\000t\000\040\000P\000a\000r\000s\000i\000n\000g\000\040\000a\000n\000d\000\040\000V\000a\000l\000i\000d\000a\000t\000i\000o\000n}{section.6}% 39
\BOOKMARK [2][-]{subsection.6.7}{\376\377\000E\000v\000a\000l\000u\000a\000t\000i\000o\000n\000\040\000M\000e\000t\000r\000i\000c\000s\000\040\000a\000n\000d\000\040\000S\000t\000a\000t\000i\000s\000t\000i\000c\000a\000l\000\040\000R\000e\000p\000o\000r\000t\000i\000n\000g}{section.6}% 40
\BOOKMARK [3][-]{subsubsection.6.7.1}{\376\377\000A\000c\000c\000u\000r\000a\000c\000y\000\040\000\050\000s\000t\000r\000i\000c\000t\000\040\000a\000n\000d\000\040\000r\000e\000l\000a\000x\000e\000d\000\051}{subsection.6.7}% 41
\BOOKMARK [3][-]{subsubsection.6.7.2}{\376\377\000B\000i\000a\000s\000\040\000\050\000m\000e\000a\000n\000\040\000s\000i\000g\000n\000e\000d\000\040\000e\000r\000r\000o\000r\000\051}{subsection.6.7}% 42
\BOOKMARK [3][-]{subsubsection.6.7.3}{\376\377\000C\000o\000h\000e\000n\000'\000s\000\040\000\040\000\050\000n\000o\000m\000i\000n\000a\000l\000\040\000a\000n\000d\000\040\000q\000u\000a\000d\000r\000a\000t\000i\000c\000-\000w\000e\000i\000g\000h\000t\000e\000d\000\051}{subsection.6.7}% 43
\BOOKMARK [2][-]{subsection.6.8}{\376\377\000S\000t\000a\000b\000i\000l\000i\000t\000y\000\040\000P\000r\000o\000t\000o\000c\000o\000l}{section.6}% 44
\BOOKMARK [2][-]{subsection.6.9}{\376\377\000L\000o\000g\000g\000i\000n\000g\000\040\000a\000n\000d\000\040\000A\000r\000t\000e\000f\000a\000c\000t\000s}{section.6}% 45
\BOOKMARK [1][-]{section.7}{\376\377\000A\000C\000A\000\040\000R\000e\000s\000u\000l\000t\000s\000\040\000O\000v\000e\000r\000v\000i\000e\000w}{}% 46
\BOOKMARK [2][-]{subsection.7.1}{\376\377\000O\000v\000e\000r\000a\000l\000l\000\040\000p\000e\000r\000f\000o\000r\000m\000a\000n\000c\000e\000\040\000a\000n\000d\000\040\000w\000i\000n\000n\000e\000r\000s}{section.7}% 47
\BOOKMARK [2][-]{subsection.7.2}{\376\377\000S\000t\000a\000g\000e\000-\000w\000i\000s\000e\000\040\000b\000e\000h\000a\000v\000i\000o\000u\000r\000\040\000\050\000t\000o\000p\000-\000p\000=\0000\000.\0009\0005\000\051}{section.7}% 48
\BOOKMARK [2][-]{subsection.7.3}{\376\377\000S\000t\000a\000b\000i\000l\000i\000t\000y\000\040\000a\000c\000r\000o\000s\000s\000\040\000s\000e\000e\000d\000s}{section.7}% 49
\BOOKMARK [2][-]{subsection.7.4}{\376\377\000E\000x\000a\000m\000p\000l\000e\000s\000\040\000o\000f\000\040\000m\000o\000d\000e\000l\000\040\000f\000e\000e\000d\000b\000a\000c\000k}{section.7}% 50
\BOOKMARK [2][-]{subsection.7.5}{\376\377\000C\000r\000o\000s\000s\000-\000m\000o\000d\000e\000l\000\040\000p\000r\000o\000m\000p\000t\000\040\000t\000r\000a\000n\000s\000f\000e\000r}{section.7}% 51
\BOOKMARK [2][-]{subsection.7.6}{\376\377\000S\000e\000c\000t\000i\000o\000n\000\040\000s\000u\000m\000m\000a\000r\000y}{section.7}% 52
\BOOKMARK [1][-]{section.8}{\376\377\000D\000i\000s\000c\000u\000s\000s\000i\000o\000n}{}% 53
\BOOKMARK [2][-]{subsection.8.1}{\376\377\000S\000u\000m\000m\000a\000r\000y\000\040\000o\000f\000\040\000p\000r\000i\000n\000c\000i\000p\000a\000l\000\040\000f\000i\000n\000d\000i\000n\000g\000s}{section.8}% 54
\BOOKMARK [2][-]{subsection.8.2}{\376\377\000S\000t\000a\000g\000e\000-\000w\000i\000s\000e\000\040\000b\000e\000h\000a\000v\000i\000o\000u\000r\000\040\000a\000n\000d\000\040\000w\000h\000a\000t\000\040\000i\000t\000\040\000i\000m\000p\000l\000i\000e\000s}{section.8}% 55
\BOOKMARK [2][-]{subsection.8.3}{\376\377\000F\000e\000e\000d\000b\000a\000c\000k\000:\000\040\000w\000h\000y\000\040\000t\000h\000e\000\040\000o\000u\000t\000p\000u\000t\000s\000\040\000a\000r\000e\000\040\000a\000c\000c\000e\000p\000t\000a\000b\000l\000e\000\040\000i\000n\000\040\000c\000o\000n\000t\000e\000x\000t}{section.8}% 56
\BOOKMARK [2][-]{subsection.8.4}{\376\377\000C\000r\000o\000s\000s\000-\000m\000o\000d\000e\000l\000\040\000p\000r\000o\000m\000p\000t\000\040\000t\000r\000a\000n\000s\000f\000e\000r\000\040\000a\000n\000d\000\040\000i\000t\000s\000\040\000i\000m\000p\000l\000i\000c\000a\000t\000i\000o\000n\000s}{section.8}% 57
\BOOKMARK [2][-]{subsection.8.5}{\376\377\000G\000r\000o\000u\000p\000\040\000e\000f\000f\000e\000c\000t\000s\000\040\000a\000n\000d\000\040\000h\000a\000n\000d\000w\000r\000i\000t\000i\000n\000g\000\040\000v\000a\000r\000i\000a\000t\000i\000o\000n}{section.8}% 58
\BOOKMARK [2][-]{subsection.8.6}{\376\377\000O\000u\000t\000l\000i\000e\000r\000s\000\040\000a\000n\000d\000\040\000a\000d\000v\000e\000r\000s\000a\000r\000i\000a\000l\000\040\000e\000n\000t\000r\000i\000e\000s}{section.8}% 59
\BOOKMARK [2][-]{subsection.8.7}{\376\377\000P\000r\000a\000c\000t\000i\000c\000a\000l\000\040\000c\000o\000n\000s\000i\000d\000e\000r\000a\000t\000i\000o\000n\000s}{section.8}% 60
\BOOKMARK [2][-]{subsection.8.8}{\376\377\000S\000t\000u\000d\000y\000\040\000l\000i\000m\000i\000t\000a\000t\000i\000o\000n\000s}{section.8}% 61
\BOOKMARK [2][-]{subsection.8.9}{\376\377\000I\000m\000p\000l\000i\000c\000a\000t\000i\000o\000n\000s}{section.8}% 62
\BOOKMARK [1][-]{section.9}{\376\377\000C\000o\000n\000c\000l\000u\000s\000i\000o\000n}{}% 63
\BOOKMARK [1][-]{section.10}{\376\377\000F\000u\000t\000u\000r\000e\000\040\000W\000o\000r\000k}{}% 64
\BOOKMARK [1][-]{appendix.A}{\376\377\000D\000a\000t\000a\000s\000e\000t\000\040\000I\000t\000e\000m\000s\000\040\000a\000n\000d\000\040\000L\000a\000b\000e\000l\000s}{}% 65
\BOOKMARK [1][-]{appendix.B}{\376\377\000D\000a\000t\000a\000s\000e\000t\000\040\000I\000m\000a\000g\000e\000s}{}% 66
\BOOKMARK [1][-]{appendix.C}{\376\377\000P\000r\000o\000m\000p\000t\000s\000\040\000U\000s\000e\000d}{}% 67
\BOOKMARK [2][-]{subsection.C.1}{\376\377\000A\000l\000l\000\040\000M\000o\000d\000e\000l\000s\000\040\000a\000n\000d\000\040\000G\000r\000o\000u\000p\000s\000:\000\040\000A\000P\000E\000+\000H\000I\000T\000L}{appendix.C}% 68
\BOOKMARK [1][-]{appendix.D}{\376\377\000A\000C\000A\000\040\000R\000e\000s\000u\000t\000l\000s}{}% 69
\BOOKMARK [2][-]{subsection.D.1}{\376\377\000G\000e\000m\000i\000n\000i\000\040\000Z\000e\000r\000o\000\040\000S\000h\000o\000t\000\040\000F\000u\000l\000l\000\040\000A\000g\000g\000r\000e\000g\000a\000t\000e\000\040\000R\000e\000s\000u\000l\000t\000s}{appendix.D}% 70
\BOOKMARK [3][-]{subsubsection.D.1.1}{\376\377\000Z\000e\000r\000o\000\040\000S\000h\000o\000t\000\040\000G\000r\000o\000u\000p\000\040\0001}{subsection.D.1}% 71
\BOOKMARK [3][-]{subsubsection.D.1.2}{\376\377\000Z\000e\000r\000o\000\040\000S\000h\000o\000t\000\040\000G\000r\000o\000u\000p\000\040\0002}{subsection.D.1}% 72
\BOOKMARK [2][-]{subsection.D.2}{\376\377\000G\000e\000m\000i\000n\000i\000\040\000F\000e\000w\000-\000s\000h\000o\000t\000\040\000F\000u\000l\000l\000\040\000A\000g\000g\000r\000e\000g\000a\000t\000e\000\040\000R\000e\000s\000u\000l\000t\000s}{appendix.D}% 73
\BOOKMARK [3][-]{subsubsection.D.2.1}{\376\377\000F\000e\000w\000-\000s\000h\000o\000t\000\040\000G\000r\000o\000u\000p\000\040\0001}{subsection.D.2}% 74
\BOOKMARK [3][-]{subsubsection.D.2.2}{\376\377\000F\000e\000w\000-\000s\000h\000o\000t\000\040\000G\000r\000o\000u\000p\000\040\0002}{subsection.D.2}% 75
\BOOKMARK [2][-]{subsection.D.3}{\376\377\000G\000P\000T\000\040\0004\000.\0001\000\040\000F\000u\000l\000l\000\040\000A\000g\000g\000r\000e\000g\000a\000t\000e\000\040\000R\000e\000s\000u\000l\000t\000s}{appendix.D}% 76
\BOOKMARK [3][-]{subsubsection.D.3.1}{\376\377\000Z\000e\000r\000o\000-\000s\000h\000o\000t\000\040\000G\000r\000o\000u\000p\000\040\0001}{subsection.D.3}% 77
\BOOKMARK [3][-]{subsubsection.D.3.2}{\376\377\000Z\000e\000r\000o\000-\000s\000h\000o\000t\000\040\000G\000r\000o\000u\000p\000\040\0002}{subsection.D.3}% 78
\BOOKMARK [2][-]{subsection.D.4}{\376\377\000E\000x\000s\000t\000r\000a\000:\000\040\000G\000P\000T\0005}{appendix.D}% 79
\BOOKMARK [3][-]{subsubsection.D.4.1}{\376\377\000G\000r\000o\000u\000p\000\040\0001}{subsection.D.4}% 80
\BOOKMARK [3][-]{subsubsection.D.4.2}{\376\377\000G\000r\000o\000u\000p\0002}{subsection.D.4}% 81
\BOOKMARK [1][-]{appendix.E}{\376\377\000W\000i\000n\000n\000e\000r\000\040\000S\000u\000m\000m\000a\000r\000y\000\040\000A\000r\000t\000i\000f\000a\000c\000t\000s}{}% 82
